
> dev
> next dev --turbopack

▲ Next.js 16.1.4 (Turbopack)
- Local:         http://localhost:3000
- Network:       http://192.168.0.2:3000

✓ Starting...
✓ Ready in 4.7s
○ Compiling /signup ...
 GET /signup 200 in 5.7s (compile: 4.5s, proxy.ts: 870ms, render: 346ms)
{
  severity_local: 'NOTICE',
  severity: 'NOTICE',
  code: '42710',
  message: 'extension "pgcrypto" already exists, skipping',
  file: 'extension.c',
  line: '1827',
  routine: 'CreateExtension'
}
○ Compiling /dashboard ...
 POST /signup 303 in 10.3s (compile: 17ms, proxy.ts: 32ms, render: 10.2s)
 GET /login?callbackUrl=http%3A%2F%2Flocalhost%3A3000%2Fdashboard%2Fstory 200 in 276ms (compile: 27ms, proxy.ts: 13ms, render: 236ms)
 GET /dashboard 200 in 11.7s (compile: 10.5s, proxy.ts: 46ms, render: 1159ms)
 GET /signup 200 in 149ms (compile: 9ms, proxy.ts: 12ms, render: 128ms)
{
  severity_local: 'NOTICE',
  severity: 'NOTICE',
  code: '42710',
  message: 'extension "pgcrypto" already exists, skipping',
  file: 'extension.c',
  line: '1827',
  routine: 'CreateExtension'
}
 GET /dashboard 200 in 462ms (compile: 10ms, proxy.ts: 20ms, render: 433ms)
 POST /signup 303 in 797ms (compile: 5ms, proxy.ts: 10ms, render: 781ms)
○ Compiling /dashboard/story ...
Using Mock AI Story Response
Using Mock AI Questions Response
 GET /dashboard/story 200 in 6.1s (compile: 4.6s, proxy.ts: 77ms, render: 1403ms)
Using Mock AI Conversation Response
 GET /dashboard/conversation 200 in 2.2s (compile: 1506ms, proxy.ts: 22ms, render: 634ms)
✓ Compiled in 1623ms
